<?xml version="1.0" encoding="UTF-8"?>
<!-- Generated by org.testng.reporters.JUnitReportReporter -->
<testsuite hostname="Reshma-35" failures="0" tests="1" name="test.MouseAction.MouseTest" time="17.660" errors="0" timestamp="2024-09-19T10:29:38 IST" skipped="0">
  <testcase classname="test.MouseAction.MouseTest" name="backClick" time="17.660"/>
</testsuite> <!-- test.MouseAction.MouseTest -->
